<html>
<head>
<title>TestNG:  RegistrationTest</title>
<link href="../testng.css" rel="stylesheet" type="text/css" />
<link href="../my-testng.css" rel="stylesheet" type="text/css" />

<style type="text/css">
.log { display: none;} 
.stack-trace { display: none;} 
</style>
<script type="text/javascript">
<!--
function flip(e) {
  current = e.style.display;
  if (current == 'block') {
    e.style.display = 'none';
    return 0;
  }
  else {
    e.style.display = 'block';
    return 1;
  }
}

function toggleBox(szDivId, elem, msg1, msg2)
{
  var res = -1;  if (document.getElementById) {
    res = flip(document.getElementById(szDivId));
  }
  else if (document.all) {
    // this is the way old msie versions work
    res = flip(document.all[szDivId]);
  }
  if(elem) {
    if(res == 0) elem.innerHTML = msg1; else elem.innerHTML = msg2;
  }

}

function toggleAllBoxes() {
  if (document.getElementsByTagName) {
    d = document.getElementsByTagName('div');
    for (i = 0; i < d.length; i++) {
      if (d[i].className == 'log') {
        flip(d[i]);
      }
    }
  }
}

// -->
</script>

</head>
<body>
<h2 align='center'>RegistrationTest</h2><table border='1' align="center">
<tr>
<td>Tests passed/Failed/Skipped:</td><td>0/4/0</td>
</tr><tr>
<td>Started on:</td><td>Sat Oct 14 17:27:35 IST 2017</td>
</tr>
<tr><td>Total time:</td><td>2 seconds (2759 ms)</td>
</tr><tr>
<td>Included groups:</td><td></td>
</tr><tr>
<td>Excluded groups:</td><td></td>
</tr>
</table><p/>
<small><i>(Hover the method name to see the test class name)</i></small><p/>
<table width='100%' border='1' class='invocation-failed'>
<tr><td colspan='4' align='center'><b>FAILED TESTS</b></td></tr>
<tr><td><b>Test method</b></td>
<td width="30%"><b>Exception</b></td>
<td width="10%"><b>Time (seconds)</b></td>
<td><b>Instance</b></td>
</tr>
<tr>
<td title='com.companyname.projectname.testscripts.Test1.testReport1()'><b>testReport1</b><br>Test class: com.companyname.projectname.testscripts.Test1<br/>
<a href="#Output-23047263" onClick='toggleBox("Output-23047263", this, "Show output", "Hide output");'>Show output</a>

<a href="#Output-23047263" onClick="toggleAllBoxes();">Show all outputs</a>
<div class='log' id="Output-23047263">
<a href="E:\Ravi\New folder\pageobjectmodel-seleniumFramework-master\pageobjectmodel-seleniumFramework-master//src//test//java//com//companyname//projectname//screenshots//10-14-2017_17-35-testReport1.png"><img src="file:///E:\Ravi\New folder\pageobjectmodel-seleniumFramework-master\pageobjectmodel-seleniumFramework-master//src//test//java//com//companyname//projectname//screenshots//10-14-2017_17-35-testReport1.png" alt=""height='100' width='100'/> <br /><br/>
</div>
</td>
<td><div><pre>java.io.FileNotFoundException: E:\Ravi\New folder\pageobjectmodel-seleniumFramework-master\pageobjectmodel-seleniumFramework-master\src\test\java\com\companyname\projectname\report\TestHtmlReport.html (The system cannot find the path specified)
	at java.io.FileOutputStream.open0(Native Method)
	at java.io.FileOutputStream.open(Unknown Source)
	at java.io.FileOutputStream.&lt;init&gt;(Unknown Source)
	at java.io.FileWriter.&lt;init&gt;(Unknown Source)
	at com.companyname.projectname.testbase.TestBase.updateResult(TestBase.java:188)
	at com.companyname.projectname.testscripts.Test1.testReport1(Test1.java:17)
... Removed 24 stack frames</pre></div><a href='#' onClick='toggleBox("stack-trace23047263", this, "Click to show all stack frames", "Click to hide stack frames")'>Click to show all stack frames</a>
<div class='stack-trace' id='stack-trace23047263'><pre>java.io.FileNotFoundException: E:\Ravi\New folder\pageobjectmodel-seleniumFramework-master\pageobjectmodel-seleniumFramework-master\src\test\java\com\companyname\projectname\report\TestHtmlReport.html (The system cannot find the path specified)
	at java.io.FileOutputStream.open0(Native Method)
	at java.io.FileOutputStream.open(Unknown Source)
	at java.io.FileOutputStream.&lt;init&gt;(Unknown Source)
	at java.io.FileWriter.&lt;init&gt;(Unknown Source)
	at com.companyname.projectname.testbase.TestBase.updateResult(TestBase.java:188)
	at com.companyname.projectname.testscripts.Test1.testReport1(Test1.java:17)
	at sun.reflect.NativeMethodAccessorImpl.invoke0(Native Method)
	at sun.reflect.NativeMethodAccessorImpl.invoke(Unknown Source)
	at sun.reflect.DelegatingMethodAccessorImpl.invoke(Unknown Source)
	at java.lang.reflect.Method.invoke(Unknown Source)
	at org.testng.internal.MethodInvocationHelper.invokeMethod(MethodInvocationHelper.java:80)
	at org.testng.internal.Invoker.invokeMethod(Invoker.java:714)
	at org.testng.internal.Invoker.invokeTestMethod(Invoker.java:901)
	at org.testng.internal.Invoker.invokeTestMethods(Invoker.java:1231)
	at org.testng.internal.TestMethodWorker.invokeTestMethods(TestMethodWorker.java:127)
	at org.testng.internal.TestMethodWorker.run(TestMethodWorker.java:111)
	at org.testng.TestRunner.privateRun(TestRunner.java:767)
	at org.testng.TestRunner.run(TestRunner.java:617)
	at org.testng.SuiteRunner.runTest(SuiteRunner.java:334)
	at org.testng.SuiteRunner.runSequentially(SuiteRunner.java:329)
	at org.testng.SuiteRunner.privateRun(SuiteRunner.java:291)
	at org.testng.SuiteRunner.run(SuiteRunner.java:240)
	at org.testng.SuiteRunnerWorker.runSuite(SuiteRunnerWorker.java:52)
	at org.testng.SuiteRunnerWorker.run(SuiteRunnerWorker.java:86)
	at org.testng.TestNG.runSuitesSequentially(TestNG.java:1198)
	at org.testng.TestNG.runSuitesLocally(TestNG.java:1123)
	at org.testng.TestNG.run(TestNG.java:1031)
	at org.testng.remote.AbstractRemoteTestNG.run(AbstractRemoteTestNG.java:114)
	at org.testng.remote.RemoteTestNG.initAndRun(RemoteTestNG.java:251)
	at org.testng.remote.RemoteTestNG.main(RemoteTestNG.java:77)
</pre></div></td>
<td>0</td>
<td>com.companyname.projectname.testscripts.Test1@1e5031f</td></tr>
<tr>
<td title='com.companyname.projectname.testscripts.Test1.testReport2()'><b>testReport2</b><br>Test class: com.companyname.projectname.testscripts.Test1<br/>
<a href="#Output-1717368" onClick='toggleBox("Output-1717368", this, "Show output", "Hide output");'>Show output</a>

<a href="#Output-1717368" onClick="toggleAllBoxes();">Show all outputs</a>
<div class='log' id="Output-1717368">
<a href="E:\Ravi\New folder\pageobjectmodel-seleniumFramework-master\pageobjectmodel-seleniumFramework-master//src//test//java//com//companyname//projectname//screenshots//10-14-2017_17-36-testReport2.png"><img src="file:///E:\Ravi\New folder\pageobjectmodel-seleniumFramework-master\pageobjectmodel-seleniumFramework-master//src//test//java//com//companyname//projectname//screenshots//10-14-2017_17-36-testReport2.png" alt=""height='100' width='100'/> <br /><br/>
</div>
</td>
<td><div><pre>java.io.FileNotFoundException: E:\Ravi\New folder\pageobjectmodel-seleniumFramework-master\pageobjectmodel-seleniumFramework-master\src\test\java\com\companyname\projectname\report\TestHtmlReport.html (The system cannot find the path specified)
	at java.io.FileOutputStream.open0(Native Method)
	at java.io.FileOutputStream.open(Unknown Source)
	at java.io.FileOutputStream.&lt;init&gt;(Unknown Source)
	at java.io.FileWriter.&lt;init&gt;(Unknown Source)
	at com.companyname.projectname.testbase.TestBase.updateResult(TestBase.java:188)
	at com.companyname.projectname.testscripts.Test1.testReport2(Test1.java:29)
... Removed 24 stack frames</pre></div><a href='#' onClick='toggleBox("stack-trace1717368", this, "Click to show all stack frames", "Click to hide stack frames")'>Click to show all stack frames</a>
<div class='stack-trace' id='stack-trace1717368'><pre>java.io.FileNotFoundException: E:\Ravi\New folder\pageobjectmodel-seleniumFramework-master\pageobjectmodel-seleniumFramework-master\src\test\java\com\companyname\projectname\report\TestHtmlReport.html (The system cannot find the path specified)
	at java.io.FileOutputStream.open0(Native Method)
	at java.io.FileOutputStream.open(Unknown Source)
	at java.io.FileOutputStream.&lt;init&gt;(Unknown Source)
	at java.io.FileWriter.&lt;init&gt;(Unknown Source)
	at com.companyname.projectname.testbase.TestBase.updateResult(TestBase.java:188)
	at com.companyname.projectname.testscripts.Test1.testReport2(Test1.java:29)
	at sun.reflect.NativeMethodAccessorImpl.invoke0(Native Method)
	at sun.reflect.NativeMethodAccessorImpl.invoke(Unknown Source)
	at sun.reflect.DelegatingMethodAccessorImpl.invoke(Unknown Source)
	at java.lang.reflect.Method.invoke(Unknown Source)
	at org.testng.internal.MethodInvocationHelper.invokeMethod(MethodInvocationHelper.java:80)
	at org.testng.internal.Invoker.invokeMethod(Invoker.java:714)
	at org.testng.internal.Invoker.invokeTestMethod(Invoker.java:901)
	at org.testng.internal.Invoker.invokeTestMethods(Invoker.java:1231)
	at org.testng.internal.TestMethodWorker.invokeTestMethods(TestMethodWorker.java:127)
	at org.testng.internal.TestMethodWorker.run(TestMethodWorker.java:111)
	at org.testng.TestRunner.privateRun(TestRunner.java:767)
	at org.testng.TestRunner.run(TestRunner.java:617)
	at org.testng.SuiteRunner.runTest(SuiteRunner.java:334)
	at org.testng.SuiteRunner.runSequentially(SuiteRunner.java:329)
	at org.testng.SuiteRunner.privateRun(SuiteRunner.java:291)
	at org.testng.SuiteRunner.run(SuiteRunner.java:240)
	at org.testng.SuiteRunnerWorker.runSuite(SuiteRunnerWorker.java:52)
	at org.testng.SuiteRunnerWorker.run(SuiteRunnerWorker.java:86)
	at org.testng.TestNG.runSuitesSequentially(TestNG.java:1198)
	at org.testng.TestNG.runSuitesLocally(TestNG.java:1123)
	at org.testng.TestNG.run(TestNG.java:1031)
	at org.testng.remote.AbstractRemoteTestNG.run(AbstractRemoteTestNG.java:114)
	at org.testng.remote.RemoteTestNG.initAndRun(RemoteTestNG.java:251)
	at org.testng.remote.RemoteTestNG.main(RemoteTestNG.java:77)
</pre></div></td>
<td>0</td>
<td>com.companyname.projectname.testscripts.Test1@1e5031f</td></tr>
<tr>
<td title='com.companyname.projectname.testscripts.Test1.testReport3()'><b>testReport3</b><br>Test class: com.companyname.projectname.testscripts.Test1<br/>
<a href="#Output-247807" onClick='toggleBox("Output-247807", this, "Show output", "Hide output");'>Show output</a>

<a href="#Output-247807" onClick="toggleAllBoxes();">Show all outputs</a>
<div class='log' id="Output-247807">
<a href="E:\Ravi\New folder\pageobjectmodel-seleniumFramework-master\pageobjectmodel-seleniumFramework-master//src//test//java//com//companyname//projectname//screenshots//10-14-2017_17-36-testReport3.png"><img src="file:///E:\Ravi\New folder\pageobjectmodel-seleniumFramework-master\pageobjectmodel-seleniumFramework-master//src//test//java//com//companyname//projectname//screenshots//10-14-2017_17-36-testReport3.png" alt=""height='100' width='100'/> <br /><br/>
</div>
</td>
<td><div><pre>java.io.FileNotFoundException: E:\Ravi\New folder\pageobjectmodel-seleniumFramework-master\pageobjectmodel-seleniumFramework-master\src\test\java\com\companyname\projectname\report\TestHtmlReport.html (The system cannot find the path specified)
	at java.io.FileOutputStream.open0(Native Method)
	at java.io.FileOutputStream.open(Unknown Source)
	at java.io.FileOutputStream.&lt;init&gt;(Unknown Source)
	at java.io.FileWriter.&lt;init&gt;(Unknown Source)
	at com.companyname.projectname.testbase.TestBase.updateResult(TestBase.java:188)
	at com.companyname.projectname.testscripts.Test1.testReport3(Test1.java:45)
... Removed 24 stack frames</pre></div><a href='#' onClick='toggleBox("stack-trace247807", this, "Click to show all stack frames", "Click to hide stack frames")'>Click to show all stack frames</a>
<div class='stack-trace' id='stack-trace247807'><pre>java.io.FileNotFoundException: E:\Ravi\New folder\pageobjectmodel-seleniumFramework-master\pageobjectmodel-seleniumFramework-master\src\test\java\com\companyname\projectname\report\TestHtmlReport.html (The system cannot find the path specified)
	at java.io.FileOutputStream.open0(Native Method)
	at java.io.FileOutputStream.open(Unknown Source)
	at java.io.FileOutputStream.&lt;init&gt;(Unknown Source)
	at java.io.FileWriter.&lt;init&gt;(Unknown Source)
	at com.companyname.projectname.testbase.TestBase.updateResult(TestBase.java:188)
	at com.companyname.projectname.testscripts.Test1.testReport3(Test1.java:45)
	at sun.reflect.NativeMethodAccessorImpl.invoke0(Native Method)
	at sun.reflect.NativeMethodAccessorImpl.invoke(Unknown Source)
	at sun.reflect.DelegatingMethodAccessorImpl.invoke(Unknown Source)
	at java.lang.reflect.Method.invoke(Unknown Source)
	at org.testng.internal.MethodInvocationHelper.invokeMethod(MethodInvocationHelper.java:80)
	at org.testng.internal.Invoker.invokeMethod(Invoker.java:714)
	at org.testng.internal.Invoker.invokeTestMethod(Invoker.java:901)
	at org.testng.internal.Invoker.invokeTestMethods(Invoker.java:1231)
	at org.testng.internal.TestMethodWorker.invokeTestMethods(TestMethodWorker.java:127)
	at org.testng.internal.TestMethodWorker.run(TestMethodWorker.java:111)
	at org.testng.TestRunner.privateRun(TestRunner.java:767)
	at org.testng.TestRunner.run(TestRunner.java:617)
	at org.testng.SuiteRunner.runTest(SuiteRunner.java:334)
	at org.testng.SuiteRunner.runSequentially(SuiteRunner.java:329)
	at org.testng.SuiteRunner.privateRun(SuiteRunner.java:291)
	at org.testng.SuiteRunner.run(SuiteRunner.java:240)
	at org.testng.SuiteRunnerWorker.runSuite(SuiteRunnerWorker.java:52)
	at org.testng.SuiteRunnerWorker.run(SuiteRunnerWorker.java:86)
	at org.testng.TestNG.runSuitesSequentially(TestNG.java:1198)
	at org.testng.TestNG.runSuitesLocally(TestNG.java:1123)
	at org.testng.TestNG.run(TestNG.java:1031)
	at org.testng.remote.AbstractRemoteTestNG.run(AbstractRemoteTestNG.java:114)
	at org.testng.remote.RemoteTestNG.initAndRun(RemoteTestNG.java:251)
	at org.testng.remote.RemoteTestNG.main(RemoteTestNG.java:77)
</pre></div></td>
<td>0</td>
<td>com.companyname.projectname.testscripts.Test1@1e5031f</td></tr>
<tr>
<td title='com.companyname.projectname.testscripts.Test1.testReport4()'><b>testReport4</b><br>Test class: com.companyname.projectname.testscripts.Test1<br/>
<a href="#Output-14296549" onClick='toggleBox("Output-14296549", this, "Show output", "Hide output");'>Show output</a>

<a href="#Output-14296549" onClick="toggleAllBoxes();">Show all outputs</a>
<div class='log' id="Output-14296549">
<a href="E:\Ravi\New folder\pageobjectmodel-seleniumFramework-master\pageobjectmodel-seleniumFramework-master//src//test//java//com//companyname//projectname//screenshots//10-14-2017_17-37-testReport4.png"><img src="file:///E:\Ravi\New folder\pageobjectmodel-seleniumFramework-master\pageobjectmodel-seleniumFramework-master//src//test//java//com//companyname//projectname//screenshots//10-14-2017_17-37-testReport4.png" alt=""height='100' width='100'/> <br /><br/>
</div>
</td>
<td><div><pre>java.io.FileNotFoundException: E:\Ravi\New folder\pageobjectmodel-seleniumFramework-master\pageobjectmodel-seleniumFramework-master\src\test\java\com\companyname\projectname\report\TestHtmlReport.html (The system cannot find the path specified)
	at java.io.FileOutputStream.open0(Native Method)
	at java.io.FileOutputStream.open(Unknown Source)
	at java.io.FileOutputStream.&lt;init&gt;(Unknown Source)
	at java.io.FileWriter.&lt;init&gt;(Unknown Source)
	at com.companyname.projectname.testbase.TestBase.updateResult(TestBase.java:188)
	at com.companyname.projectname.testscripts.Test1.testReport4(Test1.java:59)
... Removed 24 stack frames</pre></div><a href='#' onClick='toggleBox("stack-trace14296549", this, "Click to show all stack frames", "Click to hide stack frames")'>Click to show all stack frames</a>
<div class='stack-trace' id='stack-trace14296549'><pre>java.io.FileNotFoundException: E:\Ravi\New folder\pageobjectmodel-seleniumFramework-master\pageobjectmodel-seleniumFramework-master\src\test\java\com\companyname\projectname\report\TestHtmlReport.html (The system cannot find the path specified)
	at java.io.FileOutputStream.open0(Native Method)
	at java.io.FileOutputStream.open(Unknown Source)
	at java.io.FileOutputStream.&lt;init&gt;(Unknown Source)
	at java.io.FileWriter.&lt;init&gt;(Unknown Source)
	at com.companyname.projectname.testbase.TestBase.updateResult(TestBase.java:188)
	at com.companyname.projectname.testscripts.Test1.testReport4(Test1.java:59)
	at sun.reflect.NativeMethodAccessorImpl.invoke0(Native Method)
	at sun.reflect.NativeMethodAccessorImpl.invoke(Unknown Source)
	at sun.reflect.DelegatingMethodAccessorImpl.invoke(Unknown Source)
	at java.lang.reflect.Method.invoke(Unknown Source)
	at org.testng.internal.MethodInvocationHelper.invokeMethod(MethodInvocationHelper.java:80)
	at org.testng.internal.Invoker.invokeMethod(Invoker.java:714)
	at org.testng.internal.Invoker.invokeTestMethod(Invoker.java:901)
	at org.testng.internal.Invoker.invokeTestMethods(Invoker.java:1231)
	at org.testng.internal.TestMethodWorker.invokeTestMethods(TestMethodWorker.java:127)
	at org.testng.internal.TestMethodWorker.run(TestMethodWorker.java:111)
	at org.testng.TestRunner.privateRun(TestRunner.java:767)
	at org.testng.TestRunner.run(TestRunner.java:617)
	at org.testng.SuiteRunner.runTest(SuiteRunner.java:334)
	at org.testng.SuiteRunner.runSequentially(SuiteRunner.java:329)
	at org.testng.SuiteRunner.privateRun(SuiteRunner.java:291)
	at org.testng.SuiteRunner.run(SuiteRunner.java:240)
	at org.testng.SuiteRunnerWorker.runSuite(SuiteRunnerWorker.java:52)
	at org.testng.SuiteRunnerWorker.run(SuiteRunnerWorker.java:86)
	at org.testng.TestNG.runSuitesSequentially(TestNG.java:1198)
	at org.testng.TestNG.runSuitesLocally(TestNG.java:1123)
	at org.testng.TestNG.run(TestNG.java:1031)
	at org.testng.remote.AbstractRemoteTestNG.run(AbstractRemoteTestNG.java:114)
	at org.testng.remote.RemoteTestNG.initAndRun(RemoteTestNG.java:251)
	at org.testng.remote.RemoteTestNG.main(RemoteTestNG.java:77)
</pre></div></td>
<td>0</td>
<td>com.companyname.projectname.testscripts.Test1@1e5031f</td></tr>
</table><p>
</body>
</html>